0 info it worked if it ends with ok
1 verbose cli [ '/usr/bin/node', '/usr/bin/npm', 'run-script', 'test' ]
2 info using npm@3.10.10
3 info using node@v6.12.0
4 verbose run-script [ 'pretest', 'test', 'posttest' ]
5 info lifecycle @adt/json-rpc@0.0.1-SNAPSHOT.19~pretest: @adt/json-rpc@0.0.1-SNAPSHOT.19
6 verbose lifecycle @adt/json-rpc@0.0.1-SNAPSHOT.19~pretest: unsafe-perm in lifecycle true
7 verbose lifecycle @adt/json-rpc@0.0.1-SNAPSHOT.19~pretest: PATH: /usr/lib/node_modules/npm/bin/node-gyp-bin:/home/antonio/Repos/JsonRpc/node_modules/.bin:/home/antonio/bin:/usr/local/sbin:/usr/local/bin:/usr/sbin:/usr/bin:/sbin:/bin:/usr/games:/usr/local/games:/usr/local/share/phantomjs-2.1.1-linux-x86_64/bin
8 verbose lifecycle @adt/json-rpc@0.0.1-SNAPSHOT.19~pretest: CWD: /home/antonio/Repos/JsonRpc
9 silly lifecycle @adt/json-rpc@0.0.1-SNAPSHOT.19~pretest: Args: [ '-c', 'npm run build' ]
10 silly lifecycle @adt/json-rpc@0.0.1-SNAPSHOT.19~pretest: Returned: code: 0  signal: null
11 info lifecycle @adt/json-rpc@0.0.1-SNAPSHOT.19~test: @adt/json-rpc@0.0.1-SNAPSHOT.19
12 verbose lifecycle @adt/json-rpc@0.0.1-SNAPSHOT.19~test: unsafe-perm in lifecycle true
13 verbose lifecycle @adt/json-rpc@0.0.1-SNAPSHOT.19~test: PATH: /usr/lib/node_modules/npm/bin/node-gyp-bin:/home/antonio/Repos/JsonRpc/node_modules/.bin:/home/antonio/bin:/usr/local/sbin:/usr/local/bin:/usr/sbin:/usr/bin:/sbin:/bin:/usr/games:/usr/local/games:/usr/local/share/phantomjs-2.1.1-linux-x86_64/bin
14 verbose lifecycle @adt/json-rpc@0.0.1-SNAPSHOT.19~test: CWD: /home/antonio/Repos/JsonRpc
15 silly lifecycle @adt/json-rpc@0.0.1-SNAPSHOT.19~test: Args: [ '-c', 'jasmine' ]
16 silly lifecycle @adt/json-rpc@0.0.1-SNAPSHOT.19~test: Returned: code: 1  signal: null
17 info lifecycle @adt/json-rpc@0.0.1-SNAPSHOT.19~test: Failed to exec test script
18 verbose stack Error: @adt/json-rpc@0.0.1-SNAPSHOT.19 test: `jasmine`
18 verbose stack Exit status 1
18 verbose stack     at EventEmitter.<anonymous> (/usr/lib/node_modules/npm/lib/utils/lifecycle.js:255:16)
18 verbose stack     at emitTwo (events.js:106:13)
18 verbose stack     at EventEmitter.emit (events.js:191:7)
18 verbose stack     at ChildProcess.<anonymous> (/usr/lib/node_modules/npm/lib/utils/spawn.js:40:14)
18 verbose stack     at emitTwo (events.js:106:13)
18 verbose stack     at ChildProcess.emit (events.js:191:7)
18 verbose stack     at maybeClose (internal/child_process.js:920:16)
18 verbose stack     at Process.ChildProcess._handle.onexit (internal/child_process.js:230:5)
19 verbose pkgid @adt/json-rpc@0.0.1-SNAPSHOT.19
20 verbose cwd /home/antonio/Repos/JsonRpc
21 error Linux 4.4.0-101-generic
22 error argv "/usr/bin/node" "/usr/bin/npm" "run-script" "test"
23 error node v6.12.0
24 error npm  v3.10.10
25 error code ELIFECYCLE
26 error @adt/json-rpc@0.0.1-SNAPSHOT.19 test: `jasmine`
26 error Exit status 1
27 error Failed at the @adt/json-rpc@0.0.1-SNAPSHOT.19 test script 'jasmine'.
27 error Make sure you have the latest version of node.js and npm installed.
27 error If you do, this is most likely a problem with the @adt/json-rpc package,
27 error not with npm itself.
27 error Tell the author that this fails on your system:
27 error     jasmine
27 error You can get information on how to open an issue for this project with:
27 error     npm bugs @adt/json-rpc
27 error Or if that isn't available, you can get their info via:
27 error     npm owner ls @adt/json-rpc
27 error There is likely additional logging output above.
28 verbose exit [ 1, true ]
